<?xml version="1.0" encoding="UTF-8"?>
<!-- Generated by org.testng.reporters.JUnitReportReporter -->
<testsuite hostname="DESKTOP-03O7N3O" failures="0" tests="1" name="com.actitime.qspiders.test.EndToEnd" time="20.767" errors="0" timestamp="2023-03-06T00:06:38 IST" skipped="0">
  <testcase classname="com.actitime.qspiders.test.EndToEnd" name="loginLogout" time="20.767"/>
  <system-out/>
</testsuite> <!-- com.actitime.qspiders.test.EndToEnd -->
