<?xml version="1.0" encoding="UTF-8"?>
<!-- Generated by org.testng.reporters.JUnitReportReporter -->
<testsuite hostname="DESKTOP-03O7N3O" failures="0" tests="3" name="learntestng.EndToEnd" time="37.154" errors="0" timestamp="2023-03-05T00:54:13 IST" skipped="0">
  <testcase classname="learntestng.EndToEnd" name="faceBook" time="7.157"/>
  <system-out/>
  <testcase classname="learntestng.EndToEnd" name="actiTime" time="8.938"/>
  <system-out/>
  <testcase classname="learntestng.EndToEnd" name="vtiger" time="21.059"/>
  <system-out/>
</testsuite> <!-- learntestng.EndToEnd -->
