<?xml version="1.0" encoding="UTF-8"?>
<!-- Generated by org.testng.reporters.JUnitReportReporter -->
<testsuite hostname="DESKTOP-03O7N3O" failures="0" tests="17" name="learntestng.KGF1" time="0.037" errors="0" timestamp="2023-02-13T00:05:43 IST" skipped="0">
  <testcase classname="learntestng.KGF1" name="reena" time="0.014"/>
  <system-out>
    <![CDATA[KGF is Controlled by reena]]>
  </system-out>
  <testcase classname="learntestng.KGF1" name="rajendraDesai" time="0.002"/>
  <system-out>
    <![CDATA[KGF is Controlled by rajendraDesai]]>
  </system-out>
  <testcase classname="learntestng.KGF1" name="vanaram" time="0.003"/>
  <system-out>
    <![CDATA[KGF is Controlled by vanaram]]>
  </system-out>
  <testcase classname="learntestng.KGF1" name="garuda" time="0.002"/>
  <system-out>
    <![CDATA[KGF is Controlled by garuda]]>
  </system-out>
  <testcase classname="learntestng.KGF1" name="adheera" time="0.002"/>
  <system-out>
    <![CDATA[KGF is Controlled by adheera]]>
  </system-out>
  <testcase classname="learntestng.KGF1" name="mumbaiShetty" time="0.001"/>
  <system-out>
    <![CDATA[KGF is Controlled by mumbaiShetty]]>
  </system-out>
  <testcase classname="learntestng.KGF1" name="rocky" time="0.001"/>
  <system-out>
    <![CDATA[KGF is Controlled by rocky]]>
  </system-out>
  <testcase classname="learntestng.KGF1" name="rocky" time="0.001"/>
  <system-out>
    <![CDATA[KGF is Controlled by rocky]]>
  </system-out>
  <testcase classname="learntestng.KGF1" name="rocky" time="0.001"/>
  <system-out>
    <![CDATA[KGF is Controlled by rocky]]>
  </system-out>
  <testcase classname="learntestng.KGF1" name="rocky" time="0.001"/>
  <system-out>
    <![CDATA[KGF is Controlled by rocky]]>
  </system-out>
  <testcase classname="learntestng.KGF1" name="rocky" time="0.001"/>
  <system-out>
    <![CDATA[KGF is Controlled by rocky]]>
  </system-out>
  <testcase classname="learntestng.KGF1" name="rocky" time="0.001"/>
  <system-out>
    <![CDATA[KGF is Controlled by rocky]]>
  </system-out>
  <testcase classname="learntestng.KGF1" name="rocky" time="0.002"/>
  <system-out>
    <![CDATA[KGF is Controlled by rocky]]>
  </system-out>
  <testcase classname="learntestng.KGF1" name="rocky" time="0.001"/>
  <system-out>
    <![CDATA[KGF is Controlled by rocky]]>
  </system-out>
  <testcase classname="learntestng.KGF1" name="rocky" time="0.001"/>
  <system-out>
    <![CDATA[KGF is Controlled by rocky]]>
  </system-out>
  <testcase classname="learntestng.KGF1" name="rocky" time="0.001"/>
  <system-out>
    <![CDATA[KGF is Controlled by rocky]]>
  </system-out>
  <testcase classname="learntestng.KGF1" name="ramikaSen" time="0.002"/>
  <system-out>
    <![CDATA[KGF is Controlled by ramikaSen]]>
  </system-out>
</testsuite> <!-- learntestng.KGF1 -->
